<?xml version="1.0" encoding="UTF-8"?>
<!-- Generated by org.testng.reporters.JUnitReportReporter -->
<testsuite hostname="Krishna-PC" failures="0" tests="5" name="testcases.ProductPageTestcase" time="30.013" errors="0" timestamp="2023-05-08T07:35:41 CDT" skipped="0">
  <testcase classname="testcases.ProductPageTestcase" name="validateSortProductAtoZ" time="6.239"/>
  <system-out/>
  <testcase classname="testcases.ProductPageTestcase" name="validateDisplayProduct" time="6.366"/>
  <system-out/>
  <testcase classname="testcases.ProductPageTestcase" name="validateSortProductHighToLOw" time="5.454"/>
  <system-out/>
  <testcase classname="testcases.ProductPageTestcase" name="validateSortProductLowToHigh" time="5.548"/>
  <system-out/>
  <testcase classname="testcases.ProductPageTestcase" name="validateSortProductZtoA" time="6.406"/>
  <system-out/>
</testsuite> <!-- testcases.ProductPageTestcase -->
