<?xml version="1.0" encoding="UTF-8"?>
<!-- Generated by org.testng.reporters.JUnitReportReporter -->
<testsuite hostname="Krishna-PC" failures="0" tests="2" name="testcases.AddToCartTestcase" time="14.032" errors="0" timestamp="2023-05-08T07:35:41 CDT" skipped="0">
  <testcase classname="testcases.AddToCartTestcase" name="ValidateProductAddedToCart" time="6.006"/>
  <system-out/>
  <testcase classname="testcases.AddToCartTestcase" name="ValidateBeforeAfterAddButton" time="8.026"/>
  <system-out/>
</testsuite> <!-- testcases.AddToCartTestcase -->
