<?xml version="1.0" encoding="UTF-8"?>
<!-- Generated by org.testng.reporters.JUnitReportReporter -->
<testsuite hostname="Krishna-PC" failures="0" tests="3" name="testcases.CheckOutPageTestcase" time="19.129" errors="0" timestamp="2023-05-08T07:35:41 CDT" skipped="0">
  <testcase classname="testcases.CheckOutPageTestcase" name="CheckoutOverview" time="6.028"/>
  <system-out/>
  <testcase classname="testcases.CheckOutPageTestcase" name="FillOutForm" time="6.980"/>
  <system-out/>
  <testcase classname="testcases.CheckOutPageTestcase" name="validateConfirmationMessage" time="6.121"/>
  <system-out/>
</testsuite> <!-- testcases.CheckOutPageTestcase -->
