<?xml version="1.0" encoding="UTF-8"?>
<!-- Generated by org.testng.reporters.JUnitReportReporter -->
<testsuite hostname="Krishna-PC" failures="0" tests="3" name="testcases.LoginTestcase" time="15.844" errors="0" timestamp="2023-05-08T07:35:41 CDT" skipped="0">
  <testcase classname="testcases.LoginTestcase" name="InvalidLogin" time="5.906"/>
  <system-out/>
  <testcase classname="testcases.LoginTestcase" name="ValidLogin" time="5.325"/>
  <system-out/>
  <testcase classname="testcases.LoginTestcase" name="Title" time="4.613"/>
  <system-out/>
</testsuite> <!-- testcases.LoginTestcase -->
