<?xml version="1.0" encoding="UTF-8"?>
<!-- Generated by org.testng.reporters.JUnitReportReporter -->
<testsuite hostname="Krishna-PC" failures="0" tests="1" name="base.TestBase" time="0.012" errors="0" timestamp="2023-05-06T21:55:07 CDT" skipped="0">
  <testcase classname="base.TestBase" name="SetUp" time="0.012"/>
  <system-out/>
</testsuite> <!-- base.TestBase -->
